<?xml version="1.0" encoding="UTF-8"?>
<!-- Generated by org.testng.reporters.JUnitXMLReporter -->
<testsuite ignored="9" hostname="RSPL-426" failures="0" tests="1" name="Default test" time="32.422" errors="0" timestamp="2026-06-23T20:01:16 IST">
  <testcase classname="Selenium.SignupStep3_Personalize" name="@BeforeClass reachStep3" time="30.829">
    <failure type="org.openqa.selenium.TimeoutException" message="Expected condition failed: waiting for element found by By.xpath: //button[@name=&amp;apos;step2_next&amp;apos; or @id=&amp;apos;step2_next&amp;apos;] to be clickable, but the element was not found: org.openqa.selenium.NoSuchElementException: no such element: Unable to locate element: {&amp;quot;method&amp;quot;:&amp;quot;xpath&amp;quot;,&amp;quot;selector&amp;quot;:&amp;quot;//button[@name=&amp;apos;step2_next&amp;apos; or @id=&amp;apos;step2_next&amp;apos;]&amp;quot;}.
(tried for 20 seconds with 500 milliseconds interval)
Build info: version: &amp;apos;4.41.0&amp;apos;, revision: &amp;apos;9fc754f90a&amp;apos;
System info: os.name: &amp;apos;Windows 10&amp;apos;, os.arch: &amp;apos;amd64&amp;apos;, os.version: &amp;apos;10.0&amp;apos;, java.version: &amp;apos;21.0.10&amp;apos;
Driver info: org.openqa.selenium.chrome.ChromeDriver
Capabilities {acceptInsecureCerts: false, browserName: chrome, browserVersion: 149.0.7827.116, chrome: {chromedriverVersion: 149.0.7827.155 (07b52360cc1..., userDataDir: C:\Users\VANITA~1.PAT\AppDa...}, fedcm:accounts: true, goog:chromeOptions: {debuggerAddress: localhost:55715}, goog:processID: 4088, networkConnectionEnabled: false, pageLoadStrategy: normal, platformName: windows, proxy: Proxy(), se:cdp: ws://localhost:55715/devtoo..., se:cdpVersion: 149.0.7827.116, setWindowRect: true, strictFileInteractability: false, timeouts: {implicit: 0, pageLoad: 300000, script: 30000}, unhandledPromptBehavior: dismiss and notify, webauthn:extension:credBlob: true, webauthn:extension:largeBlob: true, webauthn:extension:minPinLength: true, webauthn:extension:prf: true, webauthn:virtualAuthenticators: true}
Session ID: e70dd680a278668981699df1e1f072ed">
      <![CDATA[org.openqa.selenium.TimeoutException: Expected condition failed: waiting for element found by By.xpath: //button[@name='step2_next' or @id='step2_next'] to be clickable, but the element was not found: org.openqa.selenium.NoSuchElementException: no such element: Unable to locate element: {"method":"xpath","selector":"//button[@name='step2_next' or @id='step2_next']"}.
(tried for 20 seconds with 500 milliseconds interval)
Build info: version: '4.41.0', revision: '9fc754f90a'
System info: os.name: 'Windows 10', os.arch: 'amd64', os.version: '10.0', java.version: '21.0.10'
Driver info: org.openqa.selenium.chrome.ChromeDriver
Capabilities {acceptInsecureCerts: false, browserName: chrome, browserVersion: 149.0.7827.116, chrome: {chromedriverVersion: 149.0.7827.155 (07b52360cc1..., userDataDir: C:\Users\VANITA~1.PAT\AppDa...}, fedcm:accounts: true, goog:chromeOptions: {debuggerAddress: localhost:55715}, goog:processID: 4088, networkConnectionEnabled: false, pageLoadStrategy: normal, platformName: windows, proxy: Proxy(), se:cdp: ws://localhost:55715/devtoo..., se:cdpVersion: 149.0.7827.116, setWindowRect: true, strictFileInteractability: false, timeouts: {implicit: 0, pageLoad: 300000, script: 30000}, unhandledPromptBehavior: dismiss and notify, webauthn:extension:credBlob: true, webauthn:extension:largeBlob: true, webauthn:extension:minPinLength: true, webauthn:extension:prf: true, webauthn:virtualAuthenticators: true}
Session ID: e70dd680a278668981699df1e1f072ed
at org.openqa.selenium.support.ui.WebDriverWait.timeoutException(WebDriverWait.java:85)
at org.openqa.selenium.support.ui.FluentWait.until(FluentWait.java:233)
at Selenium.SignupStep3_Personalize.fillPersonalInfoAndProceed(SignupStep3_Personalize.java:371)
at Selenium.SignupStep3_Personalize.reachStep3(SignupStep3_Personalize.java:50)
at java.base/jdk.internal.reflect.DirectMethodHandleAccessor.invoke(DirectMethodHandleAccessor.java:103)
at java.base/java.lang.reflect.Method.invoke(Method.java:580)
at org.testng.internal.invokers.MethodInvocationHelper.invokeMethod(MethodInvocationHelper.java:141)
at org.testng.internal.invokers.MethodInvocationHelper.invokeMethodConsideringTimeout(MethodInvocationHelper.java:71)
at org.testng.internal.invokers.ConfigInvoker.invokeConfigurationMethod(ConfigInvoker.java:400)
at org.testng.internal.invokers.ConfigInvoker.invokeConfigurations(ConfigInvoker.java:333)
at org.testng.internal.invokers.TestMethodWorker.invokeBeforeClassMethods(TestMethodWorker.java:188)
at org.testng.internal.invokers.TestMethodWorker.run(TestMethodWorker.java:128)
at java.base/java.util.ArrayList.forEach(ArrayList.java:1596)
at org.testng.TestRunner.privateRun(TestRunner.java:741)
at org.testng.TestRunner.run(TestRunner.java:616)
at org.testng.SuiteRunner.runTest(SuiteRunner.java:421)
at org.testng.SuiteRunner.runSequentially(SuiteRunner.java:413)
at org.testng.SuiteRunner.privateRun(SuiteRunner.java:373)
at org.testng.SuiteRunner.run(SuiteRunner.java:312)
at org.testng.SuiteRunnerWorker.runSuite(SuiteRunnerWorker.java:52)
at org.testng.SuiteRunnerWorker.run(SuiteRunnerWorker.java:95)
at org.testng.TestNG.runSuitesSequentially(TestNG.java:1274)
at org.testng.TestNG.runSuitesLocally(TestNG.java:1208)
at org.testng.TestNG.runSuites(TestNG.java:1112)
at org.testng.TestNG.run(TestNG.java:1079)
at org.testng.remote.AbstractRemoteTestNG.run(AbstractRemoteTestNG.java:115)
at org.testng.remote.RemoteTestNG.initAndRun(RemoteTestNG.java:293)
at org.testng.remote.RemoteTestNG.main(RemoteTestNG.java:91)
]]>
    </failure>
  </testcase> <!-- @BeforeClass reachStep3 -->
  <testcase classname="Selenium.SignupBasePage" name="@AfterClass tearDown" time="0.0">
    <skipped/>
  </testcase> <!-- @AfterClass tearDown -->
  <testcase classname="Selenium.SignupStep3_Personalize" name="verifyStep3PageLoaded" time="0.0">
    <skipped/>
  </testcase> <!-- verifyStep3PageLoaded -->
  <testcase classname="Selenium.SignupStep3_Personalize" name="verifyNextDisabledWithoutCompanyName" time="0.0">
    <ignored/>
  </testcase> <!-- verifyNextDisabledWithoutCompanyName -->
  <testcase classname="Selenium.SignupStep3_Personalize" name="verifyNextRedirectsToVerifyEmail" time="0.0">
    <ignored/>
  </testcase> <!-- verifyNextRedirectsToVerifyEmail -->
  <testcase classname="Selenium.SignupStep3_Personalize" name="verifyNextButtonDisabledInitially" time="0.0">
    <ignored/>
  </testcase> <!-- verifyNextButtonDisabledInitially -->
  <testcase classname="Selenium.SignupStep3_Personalize" name="verifyDomainLengthValidation" time="0.0">
    <ignored/>
  </testcase> <!-- verifyDomainLengthValidation -->
  <testcase classname="Selenium.SignupStep3_Personalize" name="verifyAlreadyRegisteredDomainShowsError" time="0.0">
    <ignored/>
  </testcase> <!-- verifyAlreadyRegisteredDomainShowsError -->
  <testcase classname="Selenium.SignupStep3_Personalize" name="verifyInvalidDomainShowsError" time="0.0">
    <ignored/>
  </testcase> <!-- verifyInvalidDomainShowsError -->
  <testcase classname="Selenium.SignupStep3_Personalize" name="verifyBackButton" time="0.0">
    <ignored/>
  </testcase> <!-- verifyBackButton -->
  <testcase classname="Selenium.SignupStep3_Personalize" name="verifyIndustryDropdownIsSearchable" time="0.0">
    <ignored/>
  </testcase> <!-- verifyIndustryDropdownIsSearchable -->
  <testcase classname="Selenium.SignupStep3_Personalize" name="verifyNextEnabledWithAllFields" time="0.0">
    <ignored/>
  </testcase> <!-- verifyNextEnabledWithAllFields -->
</testsuite> <!-- Default test -->
