<?xml version="1.0" encoding="UTF-8"?>
<!-- Generated by org.testng.reporters.JUnitReportReporter -->
<testsuite hostname="RSPL-426" failures="1" tests="7" name="testAttachFileFromRecord.testSearch" time="32.129" errors="0" timestamp="2026-08-05T23:47:31 IST" skipped="0">
  <testcase classname="testAttachFileFromRecord.testSearch" name="searchWithValidData" time="5.495"/>
  <testcase classname="testAttachFileFromRecord.testSearch" name="searchWithValidData" time="5.608"/>
  <testcase classname="testAttachFileFromRecord.testSearch" name="searchWithInvalidData" time="3.854"/>
  <testcase classname="testAttachFileFromRecord.testSearch" name="searchWithInvalidData" time="2.356">
    <failure message="Expected &#039;No matching files&#039; for invalid search term &#039;test&#039; but got 2 result(s) instead" type="java.lang.AssertionError">
      <![CDATA[java.lang.AssertionError: Expected 'No matching files' for invalid search term 'test' but got 2 result(s) instead
at org.testng.Assert.fail(Assert.java:111)
at attachFileFromRecord.Search.searchInvalidData(Search.java:133)
at testAttachFileFromRecord.testSearch.searchWithInvalidData(testSearch.java:50)
at java.base/jdk.internal.reflect.NativeMethodAccessorImpl.invoke0(Native Method)
at java.base/jdk.internal.reflect.NativeMethodAccessorImpl.invoke(NativeMethodAccessorImpl.java:62)
at java.base/jdk.internal.reflect.DelegatingMethodAccessorImpl.invoke(DelegatingMethodAccessorImpl.java:43)
at java.base/java.lang.reflect.Method.invoke(Method.java:566)
at org.testng.internal.invokers.MethodInvocationHelper.invokeMethod(MethodInvocationHelper.java:141)
at org.testng.internal.invokers.TestInvoker.invokeMethod(TestInvoker.java:687)
at org.testng.internal.invokers.TestInvoker.invokeTestMethod(TestInvoker.java:230)
at org.testng.internal.invokers.MethodRunner.runInSequence(MethodRunner.java:63)
at org.testng.internal.invokers.TestInvoker$MethodInvocationAgent.invoke(TestInvoker.java:995)
at org.testng.internal.invokers.TestInvoker.invokeTestMethods(TestInvoker.java:203)
at org.testng.internal.invokers.TestMethodWorker.invokeTestMethods(TestMethodWorker.java:154)
at org.testng.internal.invokers.TestMethodWorker.run(TestMethodWorker.java:134)
at java.base/java.util.ArrayList.forEach(ArrayList.java:1541)
at org.testng.TestRunner.privateRun(TestRunner.java:741)
at org.testng.TestRunner.run(TestRunner.java:616)
at org.testng.SuiteRunner.runTest(SuiteRunner.java:421)
at org.testng.SuiteRunner.runSequentially(SuiteRunner.java:413)
at org.testng.SuiteRunner.privateRun(SuiteRunner.java:373)
at org.testng.SuiteRunner.run(SuiteRunner.java:312)
at org.testng.SuiteRunnerWorker.runSuite(SuiteRunnerWorker.java:52)
at org.testng.SuiteRunnerWorker.run(SuiteRunnerWorker.java:95)
at org.testng.TestNG.runSuitesSequentially(TestNG.java:1274)
at org.testng.TestNG.runSuitesLocally(TestNG.java:1208)
at org.testng.TestNG.runSuites(TestNG.java:1112)
at org.testng.TestNG.run(TestNG.java:1079)
at org.testng.remote.AbstractRemoteTestNG.run(AbstractRemoteTestNG.java:115)
at org.testng.remote.RemoteTestNG.initAndRun(RemoteTestNG.java:293)
at org.testng.remote.RemoteTestNG.main(RemoteTestNG.java:91)
]]>
    </failure>
  </testcase> <!-- searchWithInvalidData -->
  <testcase classname="testAttachFileFromRecord.testSearch" name="searchWithInvalidData" time="3.610"/>
  <testcase classname="testAttachFileFromRecord.testSearch" name="searchWithValidData" time="5.596"/>
  <testcase classname="testAttachFileFromRecord.testSearch" name="searchWithValidData" time="5.610"/>
</testsuite> <!-- testAttachFileFromRecord.testSearch -->
