<?xml version="1.0" encoding="UTF-8"?>
<!-- Generated by org.testng.reporters.JUnitReportReporter -->
<testsuite hostname="RSPL-426" failures="0" tests="3" name="testAttachFileFromRecord.testAttachFromRecordNavigation" time="8.395" errors="0" timestamp="2026-06-24T23:51:59 IST" skipped="0">
  <testcase classname="testAttachFileFromRecord.testAttachFromRecordNavigation" name="Emailclick" time="2.668"/>
  <testcase classname="testAttachFileFromRecord.testAttachFromRecordNavigation" name="Attachfileclick" time="3.443"/>
  <testcase classname="testAttachFileFromRecord.testAttachFromRecordNavigation" name="popuptabs" time="2.284"/>
</testsuite> <!-- testAttachFileFromRecord.testAttachFromRecordNavigation -->
