<?xml version="1.0" encoding="UTF-8"?>
<!-- Generated by org.testng.reporters.JUnitReportReporter -->
<testsuite hostname="RSPL-426" failures="0" tests="5" name="testcontact.testcontactquickview" time="9.047" errors="1" timestamp="2026-06-24T23:31:03 IST" skipped="4">
  <testcase classname="testcontact.testcontactquickview" name="init" time="9.046">
    <error type="java.lang.NullPointerException">
      <![CDATA[java.lang.NullPointerException
at Login.Login.validLogin(Login.java:65)
at testcontact.testcontactquickview.init(testcontactquickview.java:15)
at java.base/jdk.internal.reflect.NativeMethodAccessorImpl.invoke0(Native Method)
at java.base/jdk.internal.reflect.NativeMethodAccessorImpl.invoke(NativeMethodAccessorImpl.java:62)
at java.base/jdk.internal.reflect.DelegatingMethodAccessorImpl.invoke(DelegatingMethodAccessorImpl.java:43)
at java.base/java.lang.reflect.Method.invoke(Method.java:566)
at org.testng.internal.invokers.MethodInvocationHelper.invokeMethod(MethodInvocationHelper.java:141)
at org.testng.internal.invokers.MethodInvocationHelper.invokeMethodConsideringTimeout(MethodInvocationHelper.java:71)
at org.testng.internal.invokers.ConfigInvoker.invokeConfigurationMethod(ConfigInvoker.java:400)
at org.testng.internal.invokers.ConfigInvoker.invokeConfigurations(ConfigInvoker.java:333)
at org.testng.internal.invokers.TestMethodWorker.invokeBeforeClassMethods(TestMethodWorker.java:188)
at org.testng.internal.invokers.TestMethodWorker.run(TestMethodWorker.java:128)
at java.base/java.util.concurrent.Executors$RunnableAdapter.call(Executors.java:515)
at java.base/java.util.concurrent.FutureTask.run(FutureTask.java:264)
at org.testng.internal.thread.graph.TestNGFutureTask.run(TestNGFutureTask.java:22)
at java.base/java.util.concurrent.ThreadPoolExecutor.runWorker(ThreadPoolExecutor.java:1128)
at java.base/java.util.concurrent.ThreadPoolExecutor$Worker.run(ThreadPoolExecutor.java:628)
at java.base/java.lang.Thread.run(Thread.java:834)
]]>
    </error>
  </testcase> <!-- init -->
  <testcase classname="testcontact.testcontactquickview" name="contactlistingnavigation" time="0.000">
    <skipped/>
  </testcase> <!-- contactlistingnavigation -->
  <testcase classname="testcontact.testcontactquickview" name="contactQuickView" time="0.000">
    <skipped/>
  </testcase> <!-- contactQuickView -->
  <testcase classname="testcontact.testcontactquickview" name="Updatedetail" time="0.001">
    <skipped/>
  </testcase> <!-- Updatedetail -->
  <testcase classname="testcontact.testcontactquickview" name="timeline" time="0.000">
    <skipped/>
  </testcase> <!-- timeline -->
</testsuite> <!-- testcontact.testcontactquickview -->
