<?xml version="1.0" encoding="UTF-8"?>
<!-- Generated by org.testng.reporters.JUnitReportReporter -->
<testsuite hostname="RSPL-426" failures="0" tests="5" name="testAttachFileFromRecord.testuploadedbyfilter" time="8.295" errors="0" timestamp="2026-08-05T23:47:31 IST" skipped="0">
  <testcase classname="testAttachFileFromRecord.testuploadedbyfilter" name="singleuploader" time="1.311"/>
  <testcase classname="testAttachFileFromRecord.testuploadedbyfilter" name="Origanalfilestate" time="2.358"/>
  <testcase classname="testAttachFileFromRecord.testuploadedbyfilter" name="Emptystate" time="1.229"/>
  <testcase classname="testAttachFileFromRecord.testuploadedbyfilter" name="testFilterByMultipleUploaders" time="1.921"/>
  <testcase classname="testAttachFileFromRecord.testuploadedbyfilter" name="testSelectAllShowsAllFiles" time="1.476"/>
</testsuite> <!-- testAttachFileFromRecord.testuploadedbyfilter -->
