<?xml version="1.0" encoding="UTF-8"?>
<!-- Generated by org.testng.reporters.JUnitReportReporter -->
<testsuite hostname="RSPL-426" failures="0" tests="2" name="testlogin.testlogin" time="9.974" errors="0" timestamp="2026-04-24T11:45:50 IST" skipped="1">
  <testcase classname="testlogin.testlogin" name="testValidLogin" time="9.974"/>
  <testcase classname="testlogin.testlogin" name="testInvalidlogin">
    <skipped/>
  </testcase> <!-- testInvalidlogin -->
</testsuite> <!-- testlogin.testlogin -->
