<?xml version="1.0" encoding="UTF-8"?>
<!-- Generated by org.testng.reporters.JUnitXMLReporter -->
<testsuite ignored="0" hostname="RSPL-426" failures="0" tests="5" name="Default test" time="38.431" errors="0" timestamp="2026-08-05T23:07:12 IST">
  <testcase classname="testAttachFileFromRecord.testuploadedbyfilter" name="singleuploader" time="1.272"/>
  <testcase classname="testAttachFileFromRecord.testuploadedbyfilter" name="Origanalfilestate" time="4.672"/>
  <testcase classname="testAttachFileFromRecord.testuploadedbyfilter" name="Emptystate" time="0.937"/>
  <testcase classname="testAttachFileFromRecord.testuploadedbyfilter" name="testFilterByMultipleUploaders" time="3.563"/>
  <testcase classname="testAttachFileFromRecord.testuploadedbyfilter" name="testSelectAllShowsAllFiles" time="1.093"/>
</testsuite> <!-- Default test -->
