<?xml version="1.0" encoding="UTF-8"?>
<!-- Generated by org.testng.reporters.JUnitReportReporter -->
<testsuite hostname="RSPL-426" failures="0" tests="8" name="Selenium.ForgotPasswordTest" time="7.037" errors="0" timestamp="2026-06-23T19:01:58 IST" skipped="0">
  <testcase classname="Selenium.ForgotPasswordTest" name="verifyForgotPasswordLinkIsVisible" time="0.051"/>
  <testcase classname="Selenium.ForgotPasswordTest" name="verifyForgotPasswordPageNavigation" time="0.427"/>
  <testcase classname="Selenium.ForgotPasswordTest" name="verifyEmptyEmailValidation" time="0.393"/>
  <testcase classname="Selenium.ForgotPasswordTest" name="verifybacktologifromforgot" time="0.943"/>
  <testcase classname="Selenium.ForgotPasswordTest" name="verifyInvalidEmailFormatValidation" time="0.433"/>
  <testcase classname="Selenium.ForgotPasswordTest" name="verifyValidEmailSubmission" time="2.541"/>
  <testcase classname="Selenium.ForgotPasswordTest" name="verifyUnregisteredEmailSubmission" time="1.449"/>
  <testcase classname="Selenium.ForgotPasswordTest" name="verifyBackToLoginNavigation" time="0.800"/>
</testsuite> <!-- Selenium.ForgotPasswordTest -->
