<?xml version="1.0" encoding="UTF-8"?>
<!-- Generated by org.testng.reporters.JUnitReportReporter -->
<testsuite hostname="RSPL-426" failures="0" tests="7" name="Selenium.SignupStep1_EmailPage" time="11.288" errors="0" timestamp="2026-06-23T19:14:22 IST" skipped="0">
  <testcase classname="Selenium.SignupStep1_EmailPage" name="verifySignUpRedirectsToRegistrationPage" time="3.861"/>
  <testcase classname="Selenium.SignupStep1_EmailPage" name="verifyFreeTrialPageLoaded" time="0.045"/>
  <testcase classname="Selenium.SignupStep1_EmailPage" name="verifyGetStartedButtonDisabledWhenEmpty" time="0.043"/>
  <testcase classname="Selenium.SignupStep1_EmailPage" name="verifyInvalidEmailShowsValidationError" time="0.144"/>
  <testcase classname="Selenium.SignupStep1_EmailPage" name="verifyAlreadyRegisteredEmailShowsError" time="1.572"/>
  <testcase classname="Selenium.SignupStep1_EmailPage" name="verifySignInLinkRedirectsToLoginPage" time="2.549"/>
  <testcase classname="Selenium.SignupStep1_EmailPage" name="verifyValidEmailRedirectsToNextStep" time="3.074"/>
</testsuite> <!-- Selenium.SignupStep1_EmailPage -->
