<?xml version="1.0" encoding="UTF-8"?>
<!-- Generated by org.testng.reporters.JUnitReportReporter -->
<testsuite hostname="RSPL-426" failures="0" tests="7" name="Selenium.SignupStep2_PersonalInfo" time="4.251" errors="0" timestamp="2026-06-23T19:47:36 IST" skipped="0">
  <testcase classname="Selenium.SignupStep2_PersonalInfo" name="verifyStep2PageLoaded" time="0.029"/>
  <testcase classname="Selenium.SignupStep2_PersonalInfo" name="verifyNextButtonDisabledWhenEmpty" time="0.020"/>
  <testcase classname="Selenium.SignupStep2_PersonalInfo" name="verifyConfirmPasswordHiddenInitially" time="0.012"/>
  <testcase classname="Selenium.SignupStep2_PersonalInfo" name="verifyConfirmPasswordAppearsAfterTyping" time="0.774"/>
  <testcase classname="Selenium.SignupStep2_PersonalInfo" name="verifyPasswordTooltipVisible" time="0.087"/>
  <testcase classname="Selenium.SignupStep2_PersonalInfo" name="verifyPasswordMismatchDisablesNext" time="1.518"/>
  <testcase classname="Selenium.SignupStep2_PersonalInfo" name="verifyValidDataEnablesNextAndRedirects" time="1.811"/>
</testsuite> <!-- Selenium.SignupStep2_PersonalInfo -->
