<?xml version="1.0" encoding="UTF-8"?>
<!-- Generated by org.testng.reporters.JUnitXMLReporter -->
<testsuite ignored="4" hostname="RSPL-426" failures="0" tests="8" name="SmokeAndRegressionTests" time="69.502" errors="0" timestamp="2026-08-05T15:58:28 IST">
  <testcase classname="testAttachFileFromRecord.testSearch" name="searchWithValidData" time="5.603"/>
  <testcase classname="testAttachFileFromRecord.testSearch" name="searchWithValidData" time="5.611"/>
  <testcase classname="testAttachFileFromRecord.testSearch" name="searchWithValidData" time="5.582"/>
  <testcase classname="testAttachFileFromRecord.testSearch" name="searchWithValidData" time="5.566"/>
  <testcase classname="testAttachFileFromRecord.testThisRecord" name="filelisting" time="1.694"/>
  <testcase classname="testAttachFileFromRecord.testThisRecord" name="downloadclick" time="11.136"/>
  <testcase classname="testAttachFileFromRecord.testThisRecord" name="previewclick" time="6.233"/>
  <testcase classname="testAttachFileFromRecord.testThisRecord" name="Oversizefile" time="1.542"/>
  <testcase classname="testAttachFileFromRecord.testThisRecord" name="selectedfiles" time="0.0">
    <ignored/>
  </testcase> <!-- selectedfiles -->
  <testcase classname="testAttachFileFromRecord.testThisRecord" name="filesizelimit" time="0.0">
    <ignored/>
  </testcase> <!-- filesizelimit -->
  <testcase classname="testAttachFileFromRecord.testThisRecord" name="Attachbuttonstate" time="0.0">
    <ignored/>
  </testcase> <!-- Attachbuttonstate -->
  <testcase classname="testAttachFileFromRecord.testSearch" name="searchWithInvalidData" time="0.0">
    <ignored/>
  </testcase> <!-- searchWithInvalidData -->
</testsuite> <!-- SmokeAndRegressionTests -->
