<?xml version="1.0" encoding="UTF-8"?>
<!-- Generated by org.testng.reporters.JUnitXMLReporter -->
<testsuite ignored="1" hostname="RSPL-426" failures="4" tests="4" name="Search_Smoke" time="0.088" errors="0" timestamp="2026-06-24T00:12:16 IST">
  <testcase classname="testAttachFileFromRecord.testSearch" name="searchWithValidData" time="0.007">
    <failure type="java.lang.NullPointerException">
      <![CDATA[java.lang.NullPointerException
at org.openqa.selenium.support.ui.ExpectedConditions$7.apply(ExpectedConditions.java:194)
at org.openqa.selenium.support.ui.ExpectedConditions$7.apply(ExpectedConditions.java:190)
at org.openqa.selenium.support.ui.FluentWait.until(FluentWait.java:203)
at attachFileFromRecord.Search.typeSearchTerm(Search.java:31)
at attachFileFromRecord.Search.searchValidData(Search.java:70)
at testAttachFileFromRecord.testSearch.searchWithValidData(testSearch.java:31)
at java.base/java.util.ArrayList.forEach(ArrayList.java:1541)
... Removed 27 stack frames]]>
    </failure>
  </testcase> <!-- searchWithValidData -->
  <testcase classname="testAttachFileFromRecord.testSearch" name="searchWithValidData" time="0.001">
    <failure type="java.lang.NullPointerException">
      <![CDATA[java.lang.NullPointerException
at org.openqa.selenium.support.ui.ExpectedConditions$7.apply(ExpectedConditions.java:194)
at org.openqa.selenium.support.ui.ExpectedConditions$7.apply(ExpectedConditions.java:190)
at org.openqa.selenium.support.ui.FluentWait.until(FluentWait.java:203)
at attachFileFromRecord.Search.typeSearchTerm(Search.java:31)
at attachFileFromRecord.Search.searchValidData(Search.java:70)
at testAttachFileFromRecord.testSearch.searchWithValidData(testSearch.java:31)
at java.base/java.util.ArrayList.forEach(ArrayList.java:1541)
... Removed 27 stack frames]]>
    </failure>
  </testcase> <!-- searchWithValidData -->
  <testcase classname="testAttachFileFromRecord.testSearch" name="searchWithValidData" time="0.001">
    <failure type="java.lang.NullPointerException">
      <![CDATA[java.lang.NullPointerException
at org.openqa.selenium.support.ui.ExpectedConditions$7.apply(ExpectedConditions.java:194)
at org.openqa.selenium.support.ui.ExpectedConditions$7.apply(ExpectedConditions.java:190)
at org.openqa.selenium.support.ui.FluentWait.until(FluentWait.java:203)
at attachFileFromRecord.Search.typeSearchTerm(Search.java:31)
at attachFileFromRecord.Search.searchValidData(Search.java:70)
at testAttachFileFromRecord.testSearch.searchWithValidData(testSearch.java:31)
at java.base/java.util.ArrayList.forEach(ArrayList.java:1541)
... Removed 27 stack frames]]>
    </failure>
  </testcase> <!-- searchWithValidData -->
  <testcase classname="testAttachFileFromRecord.testSearch" name="searchWithValidData" time="0.001">
    <failure type="java.lang.NullPointerException">
      <![CDATA[java.lang.NullPointerException
at org.openqa.selenium.support.ui.ExpectedConditions$7.apply(ExpectedConditions.java:194)
at org.openqa.selenium.support.ui.ExpectedConditions$7.apply(ExpectedConditions.java:190)
at org.openqa.selenium.support.ui.FluentWait.until(FluentWait.java:203)
at attachFileFromRecord.Search.typeSearchTerm(Search.java:31)
at attachFileFromRecord.Search.searchValidData(Search.java:70)
at testAttachFileFromRecord.testSearch.searchWithValidData(testSearch.java:31)
at java.base/java.util.ArrayList.forEach(ArrayList.java:1541)
... Removed 27 stack frames]]>
    </failure>
  </testcase> <!-- searchWithValidData -->
  <testcase classname="testAttachFileFromRecord.testSearch" name="searchWithInvalidData" time="0.0">
    <ignored/>
  </testcase> <!-- searchWithInvalidData -->
</testsuite> <!-- Search_Smoke -->
