<?xml version="1.0" encoding="UTF-8"?>
<!-- Generated by org.testng.reporters.JUnitReportReporter -->
<testsuite hostname="RSPL-426" failures="1" tests="7" name="testAttachFileFromRecord.testSearch" time="31.850" errors="0" timestamp="2026-08-05T23:50:54 IST" skipped="0">
  <testcase classname="testAttachFileFromRecord.testSearch" name="searchWithInvalidData" time="3.618"/>
  <testcase classname="testAttachFileFromRecord.testSearch" name="searchWithValidData" time="5.542"/>
  <testcase classname="testAttachFileFromRecord.testSearch" name="searchWithInvalidData" time="3.757"/>
  <testcase classname="testAttachFileFromRecord.testSearch" name="searchWithValidData" time="5.565"/>
  <testcase classname="testAttachFileFromRecord.testSearch" name="searchWithInvalidData" time="2.289">
    <failure message="Expected &#039;No matching files&#039; for invalid search term &#039;test&#039; but got 2 result(s) instead" type="java.lang.AssertionError">
      <![CDATA[java.lang.AssertionError: Expected 'No matching files' for invalid search term 'test' but got 2 result(s) instead
at org.testng.Assert.fail(Assert.java:111)
at attachFileFromRecord.Search.searchInvalidData(Search.java:133)
at testAttachFileFromRecord.testSearch.searchWithInvalidData(testSearch.java:50)
at java.base/jdk.internal.reflect.NativeMethodAccessorImpl.invoke0(Native Method)
at java.base/jdk.internal.reflect.NativeMethodAccessorImpl.invoke(NativeMethodAccessorImpl.java:62)
at java.base/jdk.internal.reflect.DelegatingMethodAccessorImpl.invoke(DelegatingMethodAccessorImpl.java:43)
at java.base/java.lang.reflect.Method.invoke(Method.java:566)
at org.testng.internal.invokers.MethodInvocationHelper.invokeMethod(MethodInvocationHelper.java:139)
at org.testng.internal.invokers.TestInvoker.invokeMethod(TestInvoker.java:664)
at org.testng.internal.invokers.TestInvoker.invokeTestMethod(TestInvoker.java:228)
at org.testng.internal.invokers.MethodRunner.runInSequence(MethodRunner.java:63)
at org.testng.internal.invokers.TestInvoker$MethodInvocationAgent.invoke(TestInvoker.java:961)
at org.testng.internal.invokers.TestInvoker.invokeTestMethods(TestInvoker.java:201)
at org.testng.internal.invokers.TestMethodWorker.invokeTestMethods(TestMethodWorker.java:148)
at org.testng.internal.invokers.TestMethodWorker.run(TestMethodWorker.java:128)
at java.base/java.util.ArrayList.forEach(ArrayList.java:1541)
at org.testng.TestRunner.privateRun(TestRunner.java:819)
at org.testng.TestRunner.run(TestRunner.java:619)
at org.testng.SuiteRunner.runTest(SuiteRunner.java:443)
at org.testng.SuiteRunner.runSequentially(SuiteRunner.java:437)
at org.testng.SuiteRunner.privateRun(SuiteRunner.java:397)
at org.testng.SuiteRunner.run(SuiteRunner.java:336)
at org.testng.SuiteRunnerWorker.runSuite(SuiteRunnerWorker.java:52)
at org.testng.SuiteRunnerWorker.run(SuiteRunnerWorker.java:95)
at org.testng.TestNG.runSuitesSequentially(TestNG.java:1301)
at org.testng.TestNG.runSuitesLocally(TestNG.java:1228)
at org.testng.TestNG.runSuites(TestNG.java:1134)
at org.testng.TestNG.run(TestNG.java:1101)
at org.apache.maven.surefire.testng.TestNGExecutor.run(TestNGExecutor.java:308)
at org.apache.maven.surefire.testng.TestNGXmlTestSuite.execute(TestNGXmlTestSuite.java:71)
at org.apache.maven.surefire.testng.TestNGProvider.invoke(TestNGProvider.java:113)
at org.apache.maven.surefire.booter.ForkedBooter.runSuitesInProcess(ForkedBooter.java:385)
at org.apache.maven.surefire.booter.ForkedBooter.execute(ForkedBooter.java:162)
at org.apache.maven.surefire.booter.ForkedBooter.run(ForkedBooter.java:507)
at org.apache.maven.surefire.booter.ForkedBooter.main(ForkedBooter.java:495)
]]>
    </failure>
  </testcase> <!-- searchWithInvalidData -->
  <testcase classname="testAttachFileFromRecord.testSearch" name="searchWithValidData" time="5.553"/>
  <testcase classname="testAttachFileFromRecord.testSearch" name="searchWithValidData" time="5.526"/>
</testsuite> <!-- testAttachFileFromRecord.testSearch -->
