<?xml version="1.0" encoding="UTF-8"?>
<!-- Generated by org.testng.reporters.JUnitReportReporter -->
<testsuite hostname="RSPL-426" failures="0" tests="5" name="testAttachFileFromRecord.testuploadedbyfilter" time="8.290" errors="0" timestamp="2026-08-05T23:50:54 IST" skipped="0">
  <testcase classname="testAttachFileFromRecord.testuploadedbyfilter" name="singleuploader" time="1.431"/>
  <testcase classname="testAttachFileFromRecord.testuploadedbyfilter" name="Origanalfilestate" time="2.337"/>
  <testcase classname="testAttachFileFromRecord.testuploadedbyfilter" name="Emptystate" time="1.286"/>
  <testcase classname="testAttachFileFromRecord.testuploadedbyfilter" name="testFilterByMultipleUploaders" time="1.806"/>
  <testcase classname="testAttachFileFromRecord.testuploadedbyfilter" name="testSelectAllShowsAllFiles" time="1.430"/>
</testsuite> <!-- testAttachFileFromRecord.testuploadedbyfilter -->
