<?xml version="1.0" encoding="UTF-8"?>
<!-- Generated by org.testng.reporters.JUnitReportReporter -->
<testsuite hostname="RSPL-426" failures="0" tests="7" name="testAttachFileFromRecord.testThisRecord" time="25.518" errors="0" timestamp="2026-08-05T23:50:54 IST" skipped="0">
  <testcase classname="testAttachFileFromRecord.testThisRecord" name="filelisting" time="1.650"/>
  <testcase classname="testAttachFileFromRecord.testThisRecord" name="downloadclick" time="11.025"/>
  <testcase classname="testAttachFileFromRecord.testThisRecord" name="previewclick" time="6.375"/>
  <testcase classname="testAttachFileFromRecord.testThisRecord" name="Attachbuttonstate" time="0.453"/>
  <testcase classname="testAttachFileFromRecord.testThisRecord" name="Oversizefile" time="1.590"/>
  <testcase classname="testAttachFileFromRecord.testThisRecord" name="selectedfiles" time="2.409"/>
  <testcase classname="testAttachFileFromRecord.testThisRecord" name="filesizelimit" time="2.016"/>
</testsuite> <!-- testAttachFileFromRecord.testThisRecord -->
