<?xml version="1.0" encoding="UTF-8"?>
<!-- Generated by org.testng.reporters.JUnitXMLReporter -->
<testsuite ignored="0" hostname="RSPL-426" failures="1" tests="19" name="RegressionTests" time="93.176" errors="0" timestamp="2026-08-05T23:50:54 IST">
  <testcase classname="testAttachFileFromRecord.testSearch" name="searchWithInvalidData" time="3.618"/>
  <testcase classname="testAttachFileFromRecord.testSearch" name="searchWithInvalidData" time="2.289">
    <failure type="java.lang.AssertionError" message="Expected &amp;apos;No matching files&amp;apos; for invalid search term &amp;apos;test&amp;apos; but got 2 result(s) instead">
      <![CDATA[java.lang.AssertionError: Expected 'No matching files' for invalid search term 'test' but got 2 result(s) instead
at attachFileFromRecord.Search.searchInvalidData(Search.java:133)
at testAttachFileFromRecord.testSearch.searchWithInvalidData(testSearch.java:50)
at java.base/java.util.ArrayList.forEach(ArrayList.java:1541)
... Removed 32 stack frames]]>
    </failure>
  </testcase> <!-- searchWithInvalidData -->
  <testcase classname="testAttachFileFromRecord.testSearch" name="searchWithInvalidData" time="3.757"/>
  <testcase classname="testAttachFileFromRecord.testSearch" name="searchWithValidData" time="5.526"/>
  <testcase classname="testAttachFileFromRecord.testSearch" name="searchWithValidData" time="5.553"/>
  <testcase classname="testAttachFileFromRecord.testSearch" name="searchWithValidData" time="5.565"/>
  <testcase classname="testAttachFileFromRecord.testSearch" name="searchWithValidData" time="5.542"/>
  <testcase classname="testAttachFileFromRecord.testThisRecord" name="filelisting" time="1.65"/>
  <testcase classname="testAttachFileFromRecord.testThisRecord" name="downloadclick" time="11.025"/>
  <testcase classname="testAttachFileFromRecord.testThisRecord" name="previewclick" time="6.375"/>
  <testcase classname="testAttachFileFromRecord.testThisRecord" name="Attachbuttonstate" time="0.453"/>
  <testcase classname="testAttachFileFromRecord.testThisRecord" name="Oversizefile" time="1.59"/>
  <testcase classname="testAttachFileFromRecord.testThisRecord" name="selectedfiles" time="2.409"/>
  <testcase classname="testAttachFileFromRecord.testThisRecord" name="filesizelimit" time="2.016"/>
  <testcase classname="testAttachFileFromRecord.testuploadedbyfilter" name="singleuploader" time="1.431"/>
  <testcase classname="testAttachFileFromRecord.testuploadedbyfilter" name="Origanalfilestate" time="2.337"/>
  <testcase classname="testAttachFileFromRecord.testuploadedbyfilter" name="Emptystate" time="1.286"/>
  <testcase classname="testAttachFileFromRecord.testuploadedbyfilter" name="testFilterByMultipleUploaders" time="1.806"/>
  <testcase classname="testAttachFileFromRecord.testuploadedbyfilter" name="testSelectAllShowsAllFiles" time="1.43"/>
</testsuite> <!-- RegressionTests -->
