<?xml version="1.0" encoding="UTF-8"?>
<testsuite xmlns:xsi="http://www.w3.org/2001/XMLSchema-instance" xsi:noNamespaceSchemaLocation="https://maven.apache.org/surefire/maven-surefire-plugin/xsd/surefire-test-report-3.0.xsd" version="3.0" name="TestSuite" time="93.945" tests="19" errors="0" skipped="0" failures="1">
  <properties>
[...]
</properties>
  <testcase name="searchWithInvalidData[xyzabc123](1)" classname="testAttachFileFromRecord.testSearch" time="3.624">
    <system-out><![CDATA[>>> testSearch INIT ENTERED <<<
Chrome browser launched successfully
Onboarding page fully loaded!
Actual URL: https://vanita.salesmate.io/#/app/onboarding
Clicked contact module
Contact module loaded successfully - firstname is visible
Clicked on the email address
Clicked the attach icon
Clicked the Add file from record
Popup verified: Attach files
All 3 tabs verified successfully
check this class msg-user-btn w-full active
Default tab verified: This Record is active
Searched for: xyzabc123
❌ No matching files found for: xyzabc123
✅ Validated: 'No matching files' message is correctly displayed
Search cleared
All files reloaded after clear
]]></system-out>
    <system-err><![CDATA[SLF4J: Failed to load class "org.slf4j.impl.StaticLoggerBinder".
SLF4J: Defaulting to no-operation (NOP) logger implementation
SLF4J: See http://www.slf4j.org/codes.html#StaticLoggerBinder for further details.
Aug 05, 2026 11:49:23 PM org.openqa.selenium.devtools.CdpVersionFinder findNearestMatch
WARNING: Unable to find CDP implementation matching 150
Aug 05, 2026 11:49:23 PM org.openqa.selenium.chromium.ChromiumDriver lambda$new$5
WARNING: Unable to find version of CDP to use for 150.0.7871.187. You may need to include a dependency on a specific version of the CDP using something similar to `org.seleniumhq.selenium:selenium-devtools-v86:4.18.1` where the version ("v86") matches the version of the chromium-based browser you're using and the version number of the artifact is the same as Selenium's.
]]></system-err>
  </testcase>
  <testcase name="searchWithInvalidData[test](2)" classname="testAttachFileFromRecord.testSearch" time="2.29">
    <failure message="Expected &apos;No matching files&apos; for invalid search term &apos;test&apos; but got 2 result(s) instead" type="java.lang.AssertionError"><![CDATA[java.lang.AssertionError: Expected 'No matching files' for invalid search term 'test' but got 2 result(s) instead
	at org.testng.Assert.fail(Assert.java:111)
	at attachFileFromRecord.Search.searchInvalidData(Search.java:133)
	at testAttachFileFromRecord.testSearch.searchWithInvalidData(testSearch.java:50)
	at java.base/jdk.internal.reflect.NativeMethodAccessorImpl.invoke0(Native Method)
	at java.base/jdk.internal.reflect.NativeMethodAccessorImpl.invoke(NativeMethodAccessorImpl.java:62)
	at java.base/jdk.internal.reflect.DelegatingMethodAccessorImpl.invoke(DelegatingMethodAccessorImpl.java:43)
	at java.base/java.lang.reflect.Method.invoke(Method.java:566)
	at org.testng.internal.invokers.MethodInvocationHelper.invokeMethod(MethodInvocationHelper.java:139)
	at org.testng.internal.invokers.TestInvoker.invokeMethod(TestInvoker.java:664)
	at org.testng.internal.invokers.TestInvoker.invokeTestMethod(TestInvoker.java:228)
	at org.testng.internal.invokers.MethodRunner.runInSequence(MethodRunner.java:63)
	at org.testng.internal.invokers.TestInvoker$MethodInvocationAgent.invoke(TestInvoker.java:961)
	at org.testng.internal.invokers.TestInvoker.invokeTestMethods(TestInvoker.java:201)
	at org.testng.internal.invokers.TestMethodWorker.invokeTestMethods(TestMethodWorker.java:148)
	at org.testng.internal.invokers.TestMethodWorker.run(TestMethodWorker.java:128)
	at java.base/java.util.ArrayList.forEach(ArrayList.java:1541)
	at org.testng.TestRunner.privateRun(TestRunner.java:819)
	at org.testng.TestRunner.run(TestRunner.java:619)
	at org.testng.SuiteRunner.runTest(SuiteRunner.java:443)
	at org.testng.SuiteRunner.runSequentially(SuiteRunner.java:437)
	at org.testng.SuiteRunner.privateRun(SuiteRunner.java:397)
	at org.testng.SuiteRunner.run(SuiteRunner.java:336)
	at org.testng.SuiteRunnerWorker.runSuite(SuiteRunnerWorker.java:52)
	at org.testng.SuiteRunnerWorker.run(SuiteRunnerWorker.java:95)
	at org.testng.TestNG.runSuitesSequentially(TestNG.java:1301)
	at org.testng.TestNG.runSuitesLocally(TestNG.java:1228)
	at org.testng.TestNG.runSuites(TestNG.java:1134)
	at org.testng.TestNG.run(TestNG.java:1101)
	at org.apache.maven.surefire.testng.TestNGExecutor.run(TestNGExecutor.java:308)
	at org.apache.maven.surefire.testng.TestNGXmlTestSuite.execute(TestNGXmlTestSuite.java:71)
	at org.apache.maven.surefire.testng.TestNGProvider.invoke(TestNGProvider.java:113)
	at org.apache.maven.surefire.booter.ForkedBooter.runSuitesInProcess(ForkedBooter.java:385)
	at org.apache.maven.surefire.booter.ForkedBooter.execute(ForkedBooter.java:162)
	at org.apache.maven.surefire.booter.ForkedBooter.run(ForkedBooter.java:507)
	at org.apache.maven.surefire.booter.ForkedBooter.main(ForkedBooter.java:495)
]]></failure>
    <system-out><![CDATA[[ReportListener] onTestSuccess fired for: searchWithInvalidData
[ReportListener] Writing to: C:\Users\vanita.patel\eclipse-workspace\my-first-app\target\testSearch_TestReport.csv
Searched for: test
]]></system-out>
  </testcase>
  <testcase name="searchWithInvalidData[zzz_random_string_!!](3)" classname="testAttachFileFromRecord.testSearch" time="3.754">
    <system-out><![CDATA[[ReportListener] onTestFailure fired for: searchWithInvalidData
[ReportListener] Screenshot saved: C:\Users\vanita.patel\eclipse-workspace\my-first-app\target\screenshots\testSearch\searchWithInvalidData_20260805_234953.png
[ReportListener] Writing to: C:\Users\vanita.patel\eclipse-workspace\my-first-app\target\testSearch_TestReport.csv
Searched for: zzz_random_string_!!
❌ No matching files found for: zzz_random_string_!!
✅ Validated: 'No matching files' message is correctly displayed
Search cleared
All files reloaded after clear
]]></system-out>
  </testcase>
  <testcase name="searchWithValidData[test](1)" classname="testAttachFileFromRecord.testSearch" time="5.523">
    <system-out><![CDATA[[ReportListener] onTestSuccess fired for: searchWithInvalidData
[ReportListener] Writing to: C:\Users\vanita.patel\eclipse-workspace\my-first-app\target\testSearch_TestReport.csv
Searched for: test
Total results displayed: 2
-----------------------------
✅ Result 1 CONTAINS 'test' -> testmo-export-repository-33 (2).csv
apr 03, 2026 12:37 pm
•
3 kb
•
vanita patel
✅ Result 2 CONTAINS 'test' -> testmo-export-repository-33 (2).csv
apr 01, 2026 03:45 pm
•
3 kb
•
vanita patel
✅ Validation PASSED - At least one result contains: test
Search cleared
All files reloaded after clear
]]></system-out>
  </testcase>
  <testcase name="searchWithValidData[2.jpg](2)" classname="testAttachFileFromRecord.testSearch" time="5.549">
    <system-out><![CDATA[[ReportListener] onTestSuccess fired for: searchWithValidData
[ReportListener] Writing to: C:\Users\vanita.patel\eclipse-workspace\my-first-app\target\testSearch_TestReport.csv
Searched for: 2.jpg
Total results displayed: 1
-----------------------------
✅ Result 1 CONTAINS '2.jpg' -> 2.jpg
apr 03, 2026 12:37 pm
•
35 kb
•
vanita patel
✅ Validation PASSED - At least one result contains: 2.jpg
Search cleared
All files reloaded after clear
]]></system-out>
  </testcase>
  <testcase name="searchWithValidData[testmo](3)" classname="testAttachFileFromRecord.testSearch" time="5.559">
    <system-out><![CDATA[[ReportListener] onTestSuccess fired for: searchWithValidData
[ReportListener] Writing to: C:\Users\vanita.patel\eclipse-workspace\my-first-app\target\testSearch_TestReport.csv
Searched for: testmo
Total results displayed: 2
-----------------------------
✅ Result 1 CONTAINS 'testmo' -> testmo-export-repository-33 (2).csv
apr 03, 2026 12:37 pm
•
3 kb
•
vanita patel
✅ Result 2 CONTAINS 'testmo' -> testmo-export-repository-33 (2).csv
apr 01, 2026 03:45 pm
•
3 kb
•
vanita patel
✅ Validation PASSED - At least one result contains: testmo
Search cleared
All files reloaded after clear
]]></system-out>
  </testcase>
  <testcase name="searchWithValidData[dev_sp](4)" classname="testAttachFileFromRecord.testSearch" time="5.574">
    <system-out><![CDATA[[ReportListener] onTestSuccess fired for: searchWithValidData
[ReportListener] Writing to: C:\Users\vanita.patel\eclipse-workspace\my-first-app\target\testSearch_TestReport.csv
Searched for: dev_sp
Total results displayed: 1
-----------------------------
✅ Result 1 CONTAINS 'dev_sp' -> dev_sp-603487.pdf
apr 01, 2026 03:51 pm
•
67 kb
•
vanita patel
✅ Validation PASSED - At least one result contains: dev_sp
Search cleared
All files reloaded after clear
]]></system-out>
  </testcase>
  <testcase name="filelisting" classname="testAttachFileFromRecord.testThisRecord" time="1.643">
    <system-out><![CDATA[[ReportListener] onTestSuccess fired for: searchWithValidData
[ReportListener] Writing to: C:\Users\vanita.patel\eclipse-workspace\my-first-app\target\testSearch_TestReport.csv
>>> INIT METHOD ENTERED <<<
Driver already exists — reusing existing browser session
Already logged in — skipping login
Already navigated to file listing screen — skipping navigation
Total files found: 9
Row verified: chart (4).png | Aug 05, 2026 03:56 PM | 40 KB | Kinjal Mogha
File: chart (4).png | Extension: png | Icon: dropzone-file file-color icon-file-image
Row verified: QU1018 (1).pdf | Aug 05, 2026 03:56 PM | 49 KB | Kinjal Mogha
File: QU1018 (1).pdf | Extension: pdf | Icon: dropzone-file file-color icon-file-pdf
Row verified: 34.pdf | Aug 04, 2026 04:02 PM | 92 KB | Vanita Patel
File: 34.pdf | Extension: pdf | Icon: dropzone-file file-color icon-file-pdf
Row verified: 7279832-uhd_2160_3840_24fps.mp4 | Apr 03, 2026 06:22 PM | 50 MB | Vanita Patel
File: 7279832-uhd_2160_3840_24fps.mp4 | Extension: mp4 | Icon: dropzone-file file-color icon-file-video
Unknown extension: mp4 - skipping
Row verified: testmo-export-repository-33 (2).csv | Apr 03, 2026 12:37 PM | 3 KB | Vanita Patel
File: testmo-export-repository-33 (2).csv | Extension: csv | Icon: dropzone-file file-color icon-file-xls
Row verified: 2.jpg | Apr 03, 2026 12:37 PM | 35 KB | Vanita Patel
File: 2.jpg | Extension: jpg | Icon: dropzone-file file-color icon-file-image
Row verified: MW3380.jpg | Apr 03, 2026 12:37 PM | 150 KB | Vanita Patel
File: MW3380.jpg | Extension: jpg | Icon: dropzone-file file-color icon-file-image
Row verified: dev_SP-603487.pdf | Apr 01, 2026 03:51 PM | 67 KB | Vanita Patel
File: dev_SP-603487.pdf | Extension: pdf | Icon: dropzone-file file-color icon-file-pdf
Row verified: testmo-export-repository-33 (2).csv | Apr 01, 2026 03:45 PM | 3 KB | Vanita Patel
File: testmo-export-repository-33 (2).csv | Extension: csv | Icon: dropzone-file file-color icon-file-xls
]]></system-out>
  </testcase>
  <testcase name="downloadclick" classname="testAttachFileFromRecord.testThisRecord" time="11.02">
    <system-out><![CDATA[[ReportListener] onTestSuccess fired for: filelisting
[ReportListener] Writing to: C:\Users\vanita.patel\eclipse-workspace\my-first-app\target\testThisRecord_TestReport.csv
Total rows found: 9
Download icon verified for: chart (4).png
Download icon verified for: QU1018 (1).pdf
Download icon verified for: 34.pdf
Download icon verified for: 7279832-uhd_2160_3840_24fps.mp4
Download icon verified for: testmo-export-repository-33 (2).csv
Download icon verified for: 2.jpg
Download icon verified for: MW3380.jpg
Download icon verified for: dev_SP-603487.pdf
Download icon verified for: testmo-export-repository-33 (2).csv
Clicked download on first file
New tab opened - download verified
Closed new tab
Switched back to original tab
]]></system-out>
  </testcase>
  <testcase name="previewclick" classname="testAttachFileFromRecord.testThisRecord" time="6.373">
    <system-out><![CDATA[[ReportListener] onTestSuccess fired for: downloadclick
[ReportListener] Writing to: C:\Users\vanita.patel\eclipse-workspace\my-first-app\target\testThisRecord_TestReport.csv
Total rows found: 9
File: chart (4).png | Extension: png
Button count: 2
Preview icon verified for: chart (4).png
Preview button found: true
Clicked preview button successfully
Preview image verified
Preview closed
Successfully redirected to file listing screen
File: QU1018 (1).pdf | Extension: pdf
Button count: 1
No preview icon correctly for: QU1018 (1).pdf
File: 34.pdf | Extension: pdf
Button count: 1
No preview icon correctly for: 34.pdf
File: 7279832-uhd_2160_3840_24fps.mp4 | Extension: mp4
Button count: 1
No preview icon correctly for: 7279832-uhd_2160_3840_24fps.mp4
File: testmo-export-repository-33 (2).csv | Extension: csv
Button count: 1
No preview icon correctly for: testmo-export-repository-33 (2).csv
File: 2.jpg | Extension: jpg
Button count: 2
Preview icon verified for: 2.jpg
File: MW3380.jpg | Extension: jpg
Button count: 2
Preview icon verified for: MW3380.jpg
File: dev_SP-603487.pdf | Extension: pdf
Button count: 1
No preview icon correctly for: dev_SP-603487.pdf
File: testmo-export-repository-33 (2).csv | Extension: csv
Button count: 1
No preview icon correctly for: testmo-export-repository-33 (2).csv
]]></system-out>
  </testcase>
  <testcase name="Attachbuttonstate" classname="testAttachFileFromRecord.testThisRecord" time="0.444">
    <system-out><![CDATA[[ReportListener] onTestSuccess fired for: previewclick
[ReportListener] Writing to: C:\Users\vanita.patel\eclipse-workspace\my-first-app\target\testThisRecord_TestReport.csv
button current state is when anyfile is not selected false
Total enabled checkboxes: 8
Checbox is selected
button current state when one file is selected true
Checkbox is deselected
button current state when user deselect the file false
]]></system-out>
  </testcase>
  <testcase name="Oversizefile" classname="testAttachFileFromRecord.testThisRecord" time="1.585">
    <system-out><![CDATA[[ReportListener] onTestSuccess fired for: Attachbuttonstate
[ReportListener] Writing to: C:\Users\vanita.patel\eclipse-workspace\my-first-app\target\testThisRecord_TestReport.csv
Total files found: 9
Checkbox is disabled for file over 30MB
Tooltip verified: File size exceeds the 30MB limit and cannot be selected
File over 30MB cannot be selected
30MB error message verified: File size limit exceeded (30MB)
]]></system-out>
  </testcase>
  <testcase name="selectedfiles" classname="testAttachFileFromRecord.testThisRecord" time="2.401">
    <system-out><![CDATA[[ReportListener] onTestSuccess fired for: Oversizefile
[ReportListener] Writing to: C:\Users\vanita.patel\eclipse-workspace\my-first-app\target\testThisRecord_TestReport.csv
Total files found: 9
Header text: 1 Selected
|
40 KB
Header text: 2 Selected
|
89 KB
Header text: 3 Selected
|
181 KB
Skipping file, size over 30MB: 50 MB
Header text: 4 Selected
|
184 KB
Header text: 5 Selected
|
219 KB
Header text: 6 Selected
|
370 KB
Header text: 7 Selected
|
437 KB
Header text: 8 Selected
|
440 KB
Clicked Select All
Header text after Select All: 8 Selected
|
440 KB
Select All verified! Total eligible files selected: 8
Clicked X icon
All files deselected successfully!
]]></system-out>
  </testcase>
  <testcase name="filesizelimit" classname="testAttachFileFromRecord.testThisRecord" time="2.013">
    <system-out><![CDATA[[ReportListener] onTestSuccess fired for: selectedfiles
[ReportListener] Writing to: C:\Users\vanita.patel\eclipse-workspace\my-first-app\target\testThisRecord_TestReport.csv
File selected! Current total: 40 KB
Attach button ENABLED as expected!
File selected! Current total: 89 KB
Attach button ENABLED as expected!
File selected! Current total: 181 KB
Attach button ENABLED as expected!
Skipping file, individual size over 30MB: 50 MB
File selected! Current total: 184 KB
Attach button ENABLED as expected!
File selected! Current total: 219 KB
Attach button ENABLED as expected!
File selected! Current total: 369 KB
Attach button ENABLED as expected!
File selected! Current total: 436 KB
Attach button ENABLED as expected!
File selected! Current total: 439 KB
Attach button ENABLED as expected!
]]></system-out>
  </testcase>
  <testcase name="singleuploader" classname="testAttachFileFromRecord.testuploadedbyfilter" time="1.417">
    <system-out><![CDATA[[ReportListener] onTestSuccess fired for: filesizelimit
[ReportListener] Writing to: C:\Users\vanita.patel\eclipse-workspace\my-first-app\target\testThisRecord_TestReport.csv
>>> testuploadedbyfilter INIT ENTERED <<<
Driver already exists — reusing existing browser session
Already logged in — skipping login
Already navigated to file listing screen — skipping navigation
Opened 'Uploaded by' dropdown
Selected 'Kinjal Mogha' from Uploaded by filter
Closed 'Uploaded by' dropdown
Total rows after filter: 2
Verified 'chart (4).png' uploaded by Kinjal Mogha
Verified 'QU1018 (1).pdf' uploaded by Kinjal Mogha
All 2 file(s) verified as uploaded by: Kinjal Mogha
----------first testcase passed-----------------
]]></system-out>
  </testcase>
  <testcase name="Origanalfilestate" classname="testAttachFileFromRecord.testuploadedbyfilter" time="2.335">
    <system-out><![CDATA[[ReportListener] onTestSuccess fired for: singleuploader
[ReportListener] Writing to: C:\Users\vanita.patel\eclipse-workspace\my-first-app\target\testuploadedbyfilter_TestReport.csv
Opened 'Uploaded by' dropdown
'Unselect all' clicked
Closed 'Uploaded by' dropdown
orignal Total files found: 9
Row verified: chart (4).png | Aug 05, 2026 03:56 PM | 40 KB | Kinjal Mogha
Row verified: QU1018 (1).pdf | Aug 05, 2026 03:56 PM | 49 KB | Kinjal Mogha
Row verified: 34.pdf | Aug 04, 2026 04:02 PM | 92 KB | Vanita Patel
Row verified: 7279832-uhd_2160_3840_24fps.mp4 | Apr 03, 2026 06:22 PM | 50 MB | Vanita Patel
Row verified: testmo-export-repository-33 (2).csv | Apr 03, 2026 12:37 PM | 3 KB | Vanita Patel
Row verified: 2.jpg | Apr 03, 2026 12:37 PM | 35 KB | Vanita Patel
Row verified: MW3380.jpg | Apr 03, 2026 12:37 PM | 150 KB | Vanita Patel
Row verified: dev_SP-603487.pdf | Apr 01, 2026 03:51 PM | 67 KB | Vanita Patel
Row verified: testmo-export-repository-33 (2).csv | Apr 01, 2026 03:45 PM | 3 KB | Vanita Patel
---------------second testcase passed--------------------
]]></system-out>
  </testcase>
  <testcase name="Emptystate" classname="testAttachFileFromRecord.testuploadedbyfilter" time="1.287">
    <system-out><![CDATA[[ReportListener] onTestSuccess fired for: Origanalfilestate
[ReportListener] Writing to: C:\Users\vanita.patel\eclipse-workspace\my-first-app\target\testuploadedbyfilter_TestReport.csv
Opened 'Uploaded by' dropdown
Selected 'Pinki Mishra' from Uploaded by filter
Closed 'Uploaded by' dropdown
Empty state title: No files found
Empty state verified successfully
---------------third testcase passed-----------------
]]></system-out>
  </testcase>
  <testcase name="testFilterByMultipleUploaders" classname="testAttachFileFromRecord.testuploadedbyfilter" time="1.805">
    <system-out><![CDATA[[ReportListener] onTestSuccess fired for: Emptystate
[ReportListener] Writing to: C:\Users\vanita.patel\eclipse-workspace\my-first-app\target\testuploadedbyfilter_TestReport.csv
Opened 'Uploaded by' dropdown
Closed 'Uploaded by' dropdown
Verified all 7 visible files were uploaded by one of: [Kinjal Mogha, Vanita Patel]
---------------forth testcase passed-----------------
]]></system-out>
  </testcase>
  <testcase name="testSelectAllShowsAllFiles" classname="testAttachFileFromRecord.testuploadedbyfilter" time="1.422">
    <system-out><![CDATA[[ReportListener] onTestSuccess fired for: testFilterByMultipleUploaders
[ReportListener] Writing to: C:\Users\vanita.patel\eclipse-workspace\my-first-app\target\testuploadedbyfilter_TestReport.csv
Opened 'Uploaded by' dropdown
Closed 'Uploaded by' dropdown
Verified 'Select All' shows all 9 files
---------------fifth testcase passed-----------------
]]></system-out>
  </testcase>
</testsuite>