<?xml version="1.0" encoding="UTF-8"?>
<!-- Generated by org.testng.reporters.JUnitXMLReporter -->
<testsuite ignored="0" hostname="RSPL-426" failures="1" tests="4" name="Regression Tests" time="57.263" errors="0" timestamp="2026-06-24T22:09:18 IST">
  <testcase classname="testcontact.testcontactquickview" name="contactlistingnavigation" time="2.592"/>
  <testcase classname="testcontact.testcontactquickview" name="contactQuickView" time="5.194"/>
  <testcase classname="testcontact.testcontactquickview" name="Updatedetail" time="11.56"/>
  <testcase classname="testcontact.testcontactquickview" name="timeline" time="19.864">
    <failure type="org.openqa.selenium.NoSuchSessionException" message="invalid session id: session deleted as the browser has closed the connection
from disconnected: not connected to DevTools
  (Session info: chrome=149.0.7827.116)
Build info: version: &amp;apos;4.18.1&amp;apos;, revision: &amp;apos;b1d3319b48&amp;apos;
System info: os.name: &amp;apos;Windows 10&amp;apos;, os.arch: &amp;apos;amd64&amp;apos;, os.version: &amp;apos;10.0&amp;apos;, java.version: &amp;apos;11.0.18&amp;apos;
Driver info: org.openqa.selenium.chrome.ChromeDriver
Command: [fd4d43482cd82f32e543bda2eff10a81, findElement {value=//span[text()=&amp;apos;First Name Updated&amp;apos;]/ancestor::div[contains(@class,&amp;apos;timeline-content&amp;apos;)]//span[contains(@class,&amp;apos;icon-arrow-2-right&amp;apos;)]/following-sibling::span[1], using=xpath}]
Capabilities {acceptInsecureCerts: false, browserName: chrome, browserVersion: 149.0.7827.116, chrome: {chromedriverVersion: 149.0.7827.155 (07b52360cc1..., userDataDir: C:\Users\VANITA~1.PAT\AppDa...}, fedcm:accounts: true, goog:chromeOptions: {debuggerAddress: localhost:58304}, goog:processID: 17812, networkConnectionEnabled: false, pageLoadStrategy: normal, platformName: windows, proxy: Proxy(), se:cdp: ws://localhost:58304/devtoo..., se:cdpVersion: 149.0.7827.116, setWindowRect: true, strictFileInteractability: false, timeouts: {implicit: 0, pageLoad: 300000, script: 30000}, unhandledPromptBehavior: dismiss and notify, webauthn:extension:credBlob: true, webauthn:extension:largeBlob: true, webauthn:extension:minPinLength: true, webauthn:extension:prf: true, webauthn:virtualAuthenticators: true}
Session ID: fd4d43482cd82f32e543bda2eff10a81">
      <![CDATA[org.openqa.selenium.NoSuchSessionException: invalid session id: session deleted as the browser has closed the connection
from disconnected: not connected to DevTools
  (Session info: chrome=149.0.7827.116)
Build info: version: '4.18.1', revision: 'b1d3319b48'
System info: os.name: 'Windows 10', os.arch: 'amd64', os.version: '10.0', java.version: '11.0.18'
Driver info: org.openqa.selenium.chrome.ChromeDriver
Command: [fd4d43482cd82f32e543bda2eff10a81, findElement {value=//span[text()='First Name Updated']/ancestor::div[contains(@class,'timeline-content')]//span[contains(@class,'icon-arrow-2-right')]/following-sibling::span[1], using=xpath}]
Capabilities {acceptInsecureCerts: false, browserName: chrome, browserVersion: 149.0.7827.116, chrome: {chromedriverVersion: 149.0.7827.155 (07b52360cc1..., userDataDir: C:\Users\VANITA~1.PAT\AppDa...}, fedcm:accounts: true, goog:chromeOptions: {debuggerAddress: localhost:58304}, goog:processID: 17812, networkConnectionEnabled: false, pageLoadStrategy: normal, platformName: windows, proxy: Proxy(), se:cdp: ws://localhost:58304/devtoo..., se:cdpVersion: 149.0.7827.116, setWindowRect: true, strictFileInteractability: false, timeouts: {implicit: 0, pageLoad: 300000, script: 30000}, unhandledPromptBehavior: dismiss and notify, webauthn:extension:credBlob: true, webauthn:extension:largeBlob: true, webauthn:extension:minPinLength: true, webauthn:extension:prf: true, webauthn:virtualAuthenticators: true}
Session ID: fd4d43482cd82f32e543bda2eff10a81
at org.openqa.selenium.remote.ErrorCodec.decode(ErrorCodec.java:167)
at org.openqa.selenium.remote.codec.w3c.W3CHttpResponseCodec.decode(W3CHttpResponseCodec.java:138)
at org.openqa.selenium.remote.codec.w3c.W3CHttpResponseCodec.decode(W3CHttpResponseCodec.java:50)
at org.openqa.selenium.remote.HttpCommandExecutor.execute(HttpCommandExecutor.java:190)
at org.openqa.selenium.remote.service.DriverCommandExecutor.invokeExecute(DriverCommandExecutor.java:216)
at org.openqa.selenium.remote.service.DriverCommandExecutor.execute(DriverCommandExecutor.java:174)
at org.openqa.selenium.remote.RemoteWebDriver.execute(RemoteWebDriver.java:519)
at org.openqa.selenium.remote.ElementLocation$ElementFinder$2.findElement(ElementLocation.java:165)
at org.openqa.selenium.remote.ElementLocation.findElement(ElementLocation.java:59)
at org.openqa.selenium.remote.RemoteWebDriver.findElement(RemoteWebDriver.java:356)
at org.openqa.selenium.remote.RemoteWebDriver.findElement(RemoteWebDriver.java:350)
at org.openqa.selenium.support.ui.ExpectedConditions$7.apply(ExpectedConditions.java:194)
at org.openqa.selenium.support.ui.ExpectedConditions$7.apply(ExpectedConditions.java:190)
at org.openqa.selenium.support.ui.FluentWait.until(FluentWait.java:203)
at contact.Contactquickview.verifyTimelineUpdates(Contactquickview.java:253)
at testcontact.testcontactquickview.timeline(testcontactquickview.java:37)
at java.base/java.util.ArrayList.forEach(ArrayList.java:1541)
... Removed 31 stack frames]]>
    </failure>
  </testcase> <!-- timeline -->
</testsuite> <!-- Regression Tests -->
