<?xml version="1.0" encoding="UTF-8"?>
<!-- Generated by org.testng.reporters.JUnitXMLReporter -->
<testsuite ignored="4" hostname="RSPL-426" failures="0" tests="0" time="0.013" errors="0" timestamp="2026-06-24T22:07:43 IST">
  <testcase classname="testcontact.testcontactquickview" name="contactQuickView" time="0.0">
    <ignored/>
  </testcase> <!-- contactQuickView -->
  <testcase classname="testcontact.testcontactquickview" name="timeline" time="0.0">
    <ignored/>
  </testcase> <!-- timeline -->
  <testcase classname="testcontact.testcontactquickview" name="Updatedetail" time="0.0">
    <ignored/>
  </testcase> <!-- Updatedetail -->
  <testcase classname="testcontact.testcontactquickview" name="contactlistingnavigation" time="0.0">
    <ignored/>
  </testcase> <!-- contactlistingnavigation -->
</testsuite>
