<?xml version="1.0" encoding="UTF-8"?>
<!-- Generated by org.testng.reporters.JUnitXMLReporter -->
<testsuite ignored="0" hostname="RSPL-426" failures="1" tests="19" name="RegressionTests" time="93.279" errors="0" timestamp="2026-08-05T23:47:31 IST">
  <testcase classname="testAttachFileFromRecord.testSearch" name="searchWithInvalidData" time="3.61"/>
  <testcase classname="testAttachFileFromRecord.testSearch" name="searchWithInvalidData" time="2.356">
    <failure type="java.lang.AssertionError" message="Expected &amp;apos;No matching files&amp;apos; for invalid search term &amp;apos;test&amp;apos; but got 2 result(s) instead">
      <![CDATA[java.lang.AssertionError: Expected 'No matching files' for invalid search term 'test' but got 2 result(s) instead
at attachFileFromRecord.Search.searchInvalidData(Search.java:133)
at testAttachFileFromRecord.testSearch.searchWithInvalidData(testSearch.java:50)
at java.base/java.util.ArrayList.forEach(ArrayList.java:1541)
... Removed 28 stack frames]]>
    </failure>
  </testcase> <!-- searchWithInvalidData -->
  <testcase classname="testAttachFileFromRecord.testSearch" name="searchWithInvalidData" time="3.854"/>
  <testcase classname="testAttachFileFromRecord.testSearch" name="searchWithValidData" time="5.61"/>
  <testcase classname="testAttachFileFromRecord.testSearch" name="searchWithValidData" time="5.495"/>
  <testcase classname="testAttachFileFromRecord.testSearch" name="searchWithValidData" time="5.596"/>
  <testcase classname="testAttachFileFromRecord.testSearch" name="searchWithValidData" time="5.608"/>
  <testcase classname="testAttachFileFromRecord.testThisRecord" name="filelisting" time="1.572"/>
  <testcase classname="testAttachFileFromRecord.testThisRecord" name="downloadclick" time="10.972"/>
  <testcase classname="testAttachFileFromRecord.testThisRecord" name="previewclick" time="6.48"/>
  <testcase classname="testAttachFileFromRecord.testThisRecord" name="Attachbuttonstate" time="0.409"/>
  <testcase classname="testAttachFileFromRecord.testThisRecord" name="Oversizefile" time="1.596"/>
  <testcase classname="testAttachFileFromRecord.testThisRecord" name="selectedfiles" time="2.438"/>
  <testcase classname="testAttachFileFromRecord.testThisRecord" name="filesizelimit" time="2.051"/>
  <testcase classname="testAttachFileFromRecord.testuploadedbyfilter" name="singleuploader" time="1.311"/>
  <testcase classname="testAttachFileFromRecord.testuploadedbyfilter" name="Origanalfilestate" time="2.358"/>
  <testcase classname="testAttachFileFromRecord.testuploadedbyfilter" name="Emptystate" time="1.229"/>
  <testcase classname="testAttachFileFromRecord.testuploadedbyfilter" name="testFilterByMultipleUploaders" time="1.921"/>
  <testcase classname="testAttachFileFromRecord.testuploadedbyfilter" name="testSelectAllShowsAllFiles" time="1.476"/>
</testsuite> <!-- RegressionTests -->
